2023-12-19 22:12:550 INFO  BuyPage :25 - mouseHoverOnBuyAndSell: [[ChromeDriver: chrome on windows (2cd9d3417ba092cd4e1da8a5a5fd8348)] -> xpath: //a[normalize-space()='buy + sell']]
2023-12-19 22:12:44 INFO  BuyPage :29 - clickOnUsedLink: [[ChromeDriver: chrome on windows (2cd9d3417ba092cd4e1da8a5a5fd8348)] -> link text: Used]
2023-12-19 22:12:625 INFO  BuyPage :25 - mouseHoverOnBuyAndSell: [[ChromeDriver: chrome on windows (7a3cad95976901336bf845cf6b431b93)] -> xpath: //a[normalize-space()='buy + sell']]
2023-12-19 22:12:61 INFO  BuyPage :29 - clickOnUsedLink: [[ChromeDriver: chrome on windows (7a3cad95976901336bf845cf6b431b93)] -> link text: Used]
2023-12-21 13:12:274 INFO  HomePage :41 - Mouse hover On BuySell [[ChromeDriver: chrome on windows (f58e792e5eaff5da3383c91cbbe7114d)] -> xpath: //a[normalize-space()='buy + sell']]
2023-12-21 13:12:561 INFO  HomePage :46 - click on search cars [[ChromeDriver: chrome on windows (f58e792e5eaff5da3383c91cbbe7114d)] -> xpath: //a[normalize-space()='Search Cars']]
2023-12-21 13:12:225 INFO  HomePage :41 - Mouse hover On BuySell [[ChromeDriver: chrome on windows (234223accce7b495abf5dc44cca96ca2)] -> xpath: //a[normalize-space()='buy + sell']]
2023-12-21 13:12:424 INFO  HomePage :41 - Mouse hover On BuySell [[ChromeDriver: chrome on windows (5c112c5005e0c786b8e4c71ae6c3b844)] -> xpath: //a[normalize-space()='buy + sell']]
2023-12-21 13:12:931 INFO  HomePage :46 - click on search cars [[ChromeDriver: chrome on windows (5c112c5005e0c786b8e4c71ae6c3b844)] -> xpath: //a[normalize-space()='Search Cars']]
2023-12-21 13:12:728 INFO  HomePage :41 - Mouse hover On BuySell [[ChromeDriver: chrome on windows (bf1b1dd4a5924867a1778c025b2bd0f2)] -> xpath: //a[normalize-space()='buy + sell']]
2023-12-21 13:12:537 INFO  HomePage :41 - Mouse hover On BuySell [[ChromeDriver: chrome on windows (d10ce056cbc6ae46713992874f7cb248)] -> xpath: //a[normalize-space()='buy + sell']]
2023-12-21 13:12:32 INFO  HomePage :46 - click on search cars [[ChromeDriver: chrome on windows (d10ce056cbc6ae46713992874f7cb248)] -> xpath: //a[normalize-space()='Search Cars']]
2023-12-21 13:12:151 INFO  HomePage :56 - select make [[ChromeDriver: chrome on windows (d10ce056cbc6ae46713992874f7cb248)] -> id: makes]
2023-12-21 13:12:649 INFO  HomePage :61 - Select model [[ChromeDriver: chrome on windows (d10ce056cbc6ae46713992874f7cb248)] -> id: models]
2023-12-21 13:12:836 INFO  HomePage :41 - Mouse hover On BuySell [[ChromeDriver: chrome on windows (eee4f4bebaf81bb7c0790c797a230039)] -> xpath: //a[normalize-space()='buy + sell']]
2023-12-21 13:12:362 INFO  HomePage :46 - click on search cars [[ChromeDriver: chrome on windows (eee4f4bebaf81bb7c0790c797a230039)] -> xpath: //a[normalize-space()='Search Cars']]
2023-12-21 13:12:75 INFO  HomePage :41 - Mouse hover On BuySell [[ChromeDriver: chrome on windows (ae467f2c6f1a81f620c71c50be30c56a)] -> xpath: //a[normalize-space()='buy + sell']]
2023-12-21 13:12:574 INFO  HomePage :46 - click on search cars [[ChromeDriver: chrome on windows (ae467f2c6f1a81f620c71c50be30c56a)] -> xpath: //a[normalize-space()='Search Cars']]
2023-12-21 13:12:172 INFO  HomePage :56 - select make [[ChromeDriver: chrome on windows (ae467f2c6f1a81f620c71c50be30c56a)] -> id: makes]
2023-12-21 13:12:479 INFO  HomePage :61 - Select model [[ChromeDriver: chrome on windows (ae467f2c6f1a81f620c71c50be30c56a)] -> id: models]
2023-12-21 13:12:743 INFO  HomePage :66 - select location [[ChromeDriver: chrome on windows (ae467f2c6f1a81f620c71c50be30c56a)] -> id: locations]
2023-12-21 13:12:361 INFO  HomePage :41 - Mouse hover On BuySell [[ChromeDriver: chrome on windows (a06ad8c92e87ab51f087e0d30a9733a4)] -> xpath: //a[normalize-space()='buy + sell']]
2023-12-21 13:12:998 INFO  HomePage :46 - click on search cars [[ChromeDriver: chrome on windows (a06ad8c92e87ab51f087e0d30a9733a4)] -> xpath: //a[normalize-space()='Search Cars']]
2023-12-21 13:12:881 INFO  HomePage :56 - select make [[ChromeDriver: chrome on windows (a06ad8c92e87ab51f087e0d30a9733a4)] -> id: makes]
2023-12-21 13:12:231 INFO  HomePage :61 - Select model [[ChromeDriver: chrome on windows (a06ad8c92e87ab51f087e0d30a9733a4)] -> id: models]
2023-12-21 13:12:519 INFO  HomePage :66 - select location [[ChromeDriver: chrome on windows (a06ad8c92e87ab51f087e0d30a9733a4)] -> id: locations]
2023-12-21 13:12:205 INFO  HomePage :41 - Mouse hover On BuySell [[ChromeDriver: chrome on windows (3bd89618093c588c04147543d1af4b1e)] -> xpath: //a[normalize-space()='buy + sell']]
2023-12-21 13:12:920 INFO  HomePage :46 - click on search cars [[ChromeDriver: chrome on windows (3bd89618093c588c04147543d1af4b1e)] -> xpath: //a[normalize-space()='Search Cars']]
2023-12-21 13:12:237 INFO  HomePage :56 - select make [[ChromeDriver: chrome on windows (3bd89618093c588c04147543d1af4b1e)] -> id: makes]
2023-12-21 13:12:106 INFO  HomePage :61 - Select model [[ChromeDriver: chrome on windows (3bd89618093c588c04147543d1af4b1e)] -> id: models]
2023-12-21 13:12:702 INFO  HomePage :66 - select location [[ChromeDriver: chrome on windows (3bd89618093c588c04147543d1af4b1e)] -> id: locations]
2023-12-21 13:12:79 INFO  HomePage :41 - Mouse hover On BuySell [[ChromeDriver: chrome on windows (1b3cde309e98b27080b530a469a7a8cb)] -> xpath: //a[normalize-space()='buy + sell']]
2023-12-21 13:12:704 INFO  HomePage :46 - click on search cars [[ChromeDriver: chrome on windows (1b3cde309e98b27080b530a469a7a8cb)] -> xpath: //a[normalize-space()='Search Cars']]
2023-12-21 13:12:889 INFO  HomePage :56 - select make [[ChromeDriver: chrome on windows (1b3cde309e98b27080b530a469a7a8cb)] -> id: makes]
2023-12-21 13:12:590 INFO  HomePage :61 - Select model [[ChromeDriver: chrome on windows (1b3cde309e98b27080b530a469a7a8cb)] -> id: models]
2023-12-21 13:12:886 INFO  HomePage :66 - select location [[ChromeDriver: chrome on windows (1b3cde309e98b27080b530a469a7a8cb)] -> xpath: //select[@id='locations']]
2023-12-21 13:12:654 INFO  HomePage :41 - Mouse hover On BuySell [[ChromeDriver: chrome on windows (0635d27f9da631525be5109c2edc2c42)] -> xpath: //a[normalize-space()='buy + sell']]
2023-12-21 13:12:338 INFO  HomePage :46 - click on search cars [[ChromeDriver: chrome on windows (0635d27f9da631525be5109c2edc2c42)] -> xpath: //a[normalize-space()='Search Cars']]
2023-12-21 13:12:978 INFO  HomePage :56 - select make [[ChromeDriver: chrome on windows (0635d27f9da631525be5109c2edc2c42)] -> id: makes]
2023-12-21 13:12:315 INFO  HomePage :61 - Select model [[ChromeDriver: chrome on windows (0635d27f9da631525be5109c2edc2c42)] -> id: models]
2023-12-21 13:12:626 INFO  HomePage :66 - select location [[ChromeDriver: chrome on windows (0635d27f9da631525be5109c2edc2c42)] -> xpath: //select[@id='locations']]
2023-12-21 13:12:689 INFO  HomePage :41 - Mouse hover On BuySell [[ChromeDriver: chrome on windows (bc534b80b31081899ac5d7bfc56a2719)] -> xpath: //a[normalize-space()='buy + sell']]
2023-12-21 13:12:370 INFO  HomePage :46 - click on search cars [[ChromeDriver: chrome on windows (bc534b80b31081899ac5d7bfc56a2719)] -> xpath: //a[normalize-space()='Search Cars']]
2023-12-21 13:12:667 INFO  HomePage :56 - select make [[ChromeDriver: chrome on windows (bc534b80b31081899ac5d7bfc56a2719)] -> id: makes]
2023-12-21 13:12:326 INFO  HomePage :61 - Select model [[ChromeDriver: chrome on windows (bc534b80b31081899ac5d7bfc56a2719)] -> id: models]
2023-12-21 13:12:552 INFO  HomePage :66 - select location [[ChromeDriver: chrome on windows (bc534b80b31081899ac5d7bfc56a2719)] -> xpath: //select[@id='locations']]
2023-12-21 13:12:119 INFO  HomePage :41 - Mouse hover On BuySell [[ChromeDriver: chrome on windows (b8d4c9e52101177a0f25302427bd0f52)] -> xpath: //a[normalize-space()='buy + sell']]
2023-12-21 13:12:504 INFO  HomePage :46 - click on search cars [[ChromeDriver: chrome on windows (b8d4c9e52101177a0f25302427bd0f52)] -> xpath: //a[normalize-space()='Search Cars']]
2023-12-21 13:12:576 INFO  HomePage :56 - select make [[ChromeDriver: chrome on windows (b8d4c9e52101177a0f25302427bd0f52)] -> id: makes]
2023-12-21 13:12:831 INFO  HomePage :61 - Select model [[ChromeDriver: chrome on windows (b8d4c9e52101177a0f25302427bd0f52)] -> id: models]
2023-12-21 13:12:106 INFO  HomePage :66 - select location [[ChromeDriver: chrome on windows (b8d4c9e52101177a0f25302427bd0f52)] -> id: locations]
2023-12-21 13:12:553 INFO  HomePage :41 - Mouse hover On BuySell [[ChromeDriver: chrome on windows (48a3c9152c0b122de96bcf89fe123be1)] -> xpath: //a[normalize-space()='buy + sell']]
2023-12-21 13:12:28 INFO  HomePage :46 - click on search cars [[ChromeDriver: chrome on windows (48a3c9152c0b122de96bcf89fe123be1)] -> xpath: //a[normalize-space()='Search Cars']]
2023-12-21 13:12:781 INFO  HomePage :56 - select make [[ChromeDriver: chrome on windows (48a3c9152c0b122de96bcf89fe123be1)] -> id: makes]
2023-12-21 13:12:29 INFO  HomePage :61 - Select model [[ChromeDriver: chrome on windows (48a3c9152c0b122de96bcf89fe123be1)] -> id: models]
2023-12-21 13:12:17 INFO  HomePage :41 - Mouse hover On BuySell [[ChromeDriver: chrome on windows (4fb7f743df47dee429681a86b585cb9a)] -> xpath: //a[normalize-space()='buy + sell']]
2023-12-21 13:12:450 INFO  HomePage :46 - click on search cars [[ChromeDriver: chrome on windows (4fb7f743df47dee429681a86b585cb9a)] -> xpath: //a[normalize-space()='Search Cars']]
2023-12-21 13:12:353 INFO  HomePage :56 - select make [[ChromeDriver: chrome on windows (4fb7f743df47dee429681a86b585cb9a)] -> id: makes]
2023-12-21 13:12:568 INFO  HomePage :63 - Select model [[ChromeDriver: chrome on windows (4fb7f743df47dee429681a86b585cb9a)] -> id: models]
2023-12-21 13:12:814 INFO  HomePage :45 - Mouse hover On BuySell [[ChromeDriver: chrome on windows (1f36e72281f137f58a15e605e8c446b8)] -> xpath: //a[normalize-space()='buy + sell']]
2023-12-21 13:12:64 INFO  HomePage :50 - click on search cars [[ChromeDriver: chrome on windows (1f36e72281f137f58a15e605e8c446b8)] -> xpath: //a[normalize-space()='Search Cars']]
2023-12-21 13:12:45 INFO  HomePage :61 - select make [[ChromeDriver: chrome on windows (1f36e72281f137f58a15e605e8c446b8)] -> id: makes]
2023-12-21 13:12:255 INFO  HomePage :68 - Select model [[ChromeDriver: chrome on windows (1f36e72281f137f58a15e605e8c446b8)] -> id: models]
2023-12-21 13:12:455 INFO  HomePage :78 - select price [[ChromeDriver: chrome on windows (1f36e72281f137f58a15e605e8c446b8)] -> xpath: /html[1]/body[1]/div[6]/div[1]/div[1]/div[1]/div[1]/div[1]/div[1]/div[1]/form[1]/div[6]/select[1]]
2023-12-21 13:12:505 INFO  HomePage :45 - Mouse hover On BuySell [[ChromeDriver: chrome on windows (d6494f59c5ab3e3b1128ac2c2710eacf)] -> xpath: //a[normalize-space()='buy + sell']]
2023-12-21 13:12:861 INFO  HomePage :50 - click on search cars [[ChromeDriver: chrome on windows (d6494f59c5ab3e3b1128ac2c2710eacf)] -> xpath: //a[normalize-space()='Search Cars']]
2023-12-21 13:12:357 INFO  HomePage :61 - select make [[ChromeDriver: chrome on windows (d6494f59c5ab3e3b1128ac2c2710eacf)] -> id: makes]
2023-12-21 13:12:506 INFO  HomePage :68 - Select model [[ChromeDriver: chrome on windows (d6494f59c5ab3e3b1128ac2c2710eacf)] -> id: models]
2023-12-21 13:12:514 INFO  HomePage :45 - Mouse hover On BuySell [[ChromeDriver: chrome on windows (7e2a9001015e04baebfe8e66499ef552)] -> xpath: //a[normalize-space()='buy + sell']]
2023-12-21 13:12:740 INFO  HomePage :45 - Mouse hover On BuySell [[ChromeDriver: chrome on windows (e67d91e639f08c0bd4140a281d5c3813)] -> xpath: //a[normalize-space()='buy + sell']]
2023-12-21 13:12:68 INFO  HomePage :50 - click on search cars [[ChromeDriver: chrome on windows (e67d91e639f08c0bd4140a281d5c3813)] -> xpath: //a[normalize-space()='Search Cars']]
2023-12-21 13:12:485 INFO  HomePage :61 - select make [[ChromeDriver: chrome on windows (e67d91e639f08c0bd4140a281d5c3813)] -> id: makes]
2023-12-21 13:12:656 INFO  HomePage :68 - Select model [[ChromeDriver: chrome on windows (e67d91e639f08c0bd4140a281d5c3813)] -> id: models]
2023-12-21 13:12:791 INFO  HomePage :78 - select price [[ChromeDriver: chrome on windows (e67d91e639f08c0bd4140a281d5c3813)] -> xpath: /html[1]/body[1]/div[6]/div[1]/div[1]/div[1]/div[1]/div[1]/div[1]/div[1]/form[1]/div[6]/select[1]]
2023-12-21 13:12:11 INFO  HomePage :45 - Mouse hover On BuySell [[ChromeDriver: chrome on windows (616e2e74b1e2c0a90d402ca116271cb5)] -> xpath: //a[normalize-space()='buy + sell']]
2023-12-21 13:12:234 INFO  HomePage :50 - click on search cars [[ChromeDriver: chrome on windows (616e2e74b1e2c0a90d402ca116271cb5)] -> xpath: //a[normalize-space()='Search Cars']]
2023-12-21 13:12:598 INFO  HomePage :61 - select make [[ChromeDriver: chrome on windows (616e2e74b1e2c0a90d402ca116271cb5)] -> id: makes]
2023-12-21 13:12:768 INFO  HomePage :68 - Select model [[ChromeDriver: chrome on windows (616e2e74b1e2c0a90d402ca116271cb5)] -> id: models]
2023-12-21 13:12:595 INFO  HomePage :45 - Mouse hover On BuySell [[ChromeDriver: chrome on windows (8e2c009483dada9aee7d76669150010b)] -> xpath: //a[normalize-space()='buy + sell']]
2023-12-21 13:12:73 INFO  HomePage :45 - Mouse hover On BuySell [[ChromeDriver: chrome on windows (28a7e7b5314282cd0a8ad699830b3d51)] -> xpath: //a[normalize-space()='buy + sell']]
2023-12-21 13:12:301 INFO  HomePage :50 - click on search cars [[ChromeDriver: chrome on windows (28a7e7b5314282cd0a8ad699830b3d51)] -> xpath: //a[normalize-space()='Search Cars']]
2023-12-21 13:12:438 INFO  HomePage :61 - select make [[ChromeDriver: chrome on windows (28a7e7b5314282cd0a8ad699830b3d51)] -> id: makes]
2023-12-21 13:12:621 INFO  HomePage :68 - Select model [[ChromeDriver: chrome on windows (28a7e7b5314282cd0a8ad699830b3d51)] -> id: models]
2023-12-21 13:12:771 INFO  HomePage :78 - select price [[ChromeDriver: chrome on windows (28a7e7b5314282cd0a8ad699830b3d51)] -> xpath: /html[1]/body[1]/div[6]/div[1]/div[1]/div[1]/div[1]/div[1]/div[1]/div[1]/form[1]/div[6]/select[1]]
2023-12-21 14:12:790 INFO  HomePage :45 - Mouse hover On BuySell [[ChromeDriver: chrome on windows (148eac519124a7254d2ca5fe4ca6d445)] -> xpath: //a[normalize-space()='buy + sell']]
2023-12-21 14:12:12 INFO  HomePage :50 - click on search cars [[ChromeDriver: chrome on windows (148eac519124a7254d2ca5fe4ca6d445)] -> xpath: //a[normalize-space()='Search Cars']]
2023-12-21 14:12:298 INFO  HomePage :60 - select make [[ChromeDriver: chrome on windows (148eac519124a7254d2ca5fe4ca6d445)] -> id: makes]
2023-12-21 14:12:604 INFO  HomePage :65 - Select model [[ChromeDriver: chrome on windows (148eac519124a7254d2ca5fe4ca6d445)] -> id: models]
2023-12-21 14:12:717 INFO  HomePage :75 - select price [[ChromeDriver: chrome on windows (148eac519124a7254d2ca5fe4ca6d445)] -> xpath: /html[1]/body[1]/div[6]/div[1]/div[1]/div[1]/div[1]/div[1]/div[1]/div[1]/form[1]/div[6]/select[1]]
2023-12-21 14:12:252 INFO  HomePage :45 - Mouse hover On BuySell [[ChromeDriver: chrome on windows (12f00e9eef639245be0ec50714addbc7)] -> xpath: //a[normalize-space()='buy + sell']]
2023-12-21 14:12:457 INFO  HomePage :50 - click on search cars [[ChromeDriver: chrome on windows (12f00e9eef639245be0ec50714addbc7)] -> xpath: //a[normalize-space()='Search Cars']]
2023-12-21 14:12:192 INFO  HomePage :60 - select make [[ChromeDriver: chrome on windows (12f00e9eef639245be0ec50714addbc7)] -> id: makes]
2023-12-21 14:12:482 INFO  HomePage :65 - Select model [[ChromeDriver: chrome on windows (12f00e9eef639245be0ec50714addbc7)] -> id: models]
2023-12-21 14:12:617 INFO  HomePage :80 - Find next car [[ChromeDriver: chrome on windows (12f00e9eef639245be0ec50714addbc7)] -> xpath: (//input[@id='search-submit'])[1]]
2023-12-21 14:12:84 INFO  HomePage :45 - Mouse hover On BuySell [[ChromeDriver: chrome on windows (a134e5203787ecf2d925097651f5ccea)] -> xpath: //a[normalize-space()='buy + sell']]
2023-12-21 14:12:257 INFO  HomePage :50 - click on search cars [[ChromeDriver: chrome on windows (a134e5203787ecf2d925097651f5ccea)] -> xpath: //a[normalize-space()='Search Cars']]
2023-12-21 14:12:48 INFO  HomePage :60 - select make [[ChromeDriver: chrome on windows (a134e5203787ecf2d925097651f5ccea)] -> id: makes]
2023-12-21 14:12:322 INFO  HomePage :65 - Select model [[ChromeDriver: chrome on windows (a134e5203787ecf2d925097651f5ccea)] -> id: models]
2023-12-21 14:12:116 INFO  HomePage :45 - Mouse hover On BuySell [[ChromeDriver: chrome on windows (71981c95a4174ecf624f3454352d127e)] -> xpath: //a[normalize-space()='buy + sell']]
2023-12-21 14:12:04 INFO  HomePage :45 - Mouse hover On BuySell [[ChromeDriver: chrome on windows (d9d18b3164b5541043142502e9102547)] -> xpath: //a[normalize-space()='buy + sell']]
2023-12-21 14:12:188 INFO  HomePage :50 - click on search cars [[ChromeDriver: chrome on windows (d9d18b3164b5541043142502e9102547)] -> xpath: //a[normalize-space()='Search Cars']]
2023-12-21 14:12:03 INFO  HomePage :60 - select make [[ChromeDriver: chrome on windows (d9d18b3164b5541043142502e9102547)] -> id: makes]
2023-12-21 14:12:195 INFO  HomePage :65 - Select model [[ChromeDriver: chrome on windows (d9d18b3164b5541043142502e9102547)] -> id: models]
2023-12-21 14:12:349 INFO  HomePage :80 - Find next car [[ChromeDriver: chrome on windows (d9d18b3164b5541043142502e9102547)] -> xpath: (//input[@id='search-submit'])[1]]
2023-12-21 14:12:931 INFO  HomePage :45 - Mouse hover On BuySell [[ChromeDriver: chrome on windows (e410364525fdd1bd5059a93218a0677f)] -> xpath: //a[normalize-space()='buy + sell']]
2023-12-21 14:12:371 INFO  HomePage :45 - Mouse hover On BuySell [[ChromeDriver: chrome on windows (d6096b12609be61b3f8eeb1f58645155)] -> xpath: //a[normalize-space()='buy + sell']]
2023-12-21 14:12:603 INFO  HomePage :50 - click on search cars [[ChromeDriver: chrome on windows (d6096b12609be61b3f8eeb1f58645155)] -> xpath: //a[normalize-space()='Search Cars']]
2023-12-21 14:12:472 INFO  HomePage :60 - select make [[ChromeDriver: chrome on windows (d6096b12609be61b3f8eeb1f58645155)] -> id: makes]
2023-12-21 14:12:807 INFO  HomePage :65 - Select model [[ChromeDriver: chrome on windows (d6096b12609be61b3f8eeb1f58645155)] -> id: models]
2023-12-21 14:12:961 INFO  HomePage :80 - Find next car [[ChromeDriver: chrome on windows (d6096b12609be61b3f8eeb1f58645155)] -> xpath: (//input[@id='search-submit'])[1]]
2023-12-21 14:12:767 INFO  HomePage :45 - Mouse hover On BuySell [[ChromeDriver: chrome on windows (29eb7dcb4e79fa81067bca7bbd2584a9)] -> xpath: //a[normalize-space()='buy + sell']]
2023-12-21 14:12:477 INFO  HomePage :49 - Mouse hover On BuySell [[ChromeDriver: chrome on windows (149cc3dab6bad72855a0c8307023ea35)] -> xpath: //a[normalize-space()='buy + sell']]
2023-12-21 14:12:867 INFO  HomePage :54 - click on search cars [[ChromeDriver: chrome on windows (149cc3dab6bad72855a0c8307023ea35)] -> xpath: //a[normalize-space()='Search Cars']]
2023-12-21 14:12:102 INFO  HomePage :64 - select make [[ChromeDriver: chrome on windows (149cc3dab6bad72855a0c8307023ea35)] -> id: makes]
2023-12-21 14:12:456 INFO  HomePage :69 - Select model [[ChromeDriver: chrome on windows (149cc3dab6bad72855a0c8307023ea35)] -> id: models]
2023-12-21 14:12:650 INFO  HomePage :84 - Find next car [[ChromeDriver: chrome on windows (149cc3dab6bad72855a0c8307023ea35)] -> xpath: (//input[@id='search-submit'])[1]]
2023-12-21 14:12:117 INFO  HomePage :49 - Mouse hover On BuySell [[ChromeDriver: chrome on windows (41054ff0a5f56f28e62e12622e8f1d07)] -> xpath: //a[normalize-space()='buy + sell']]
2023-12-21 14:12:74 INFO  HomePage :49 - Mouse hover On BuySell [[ChromeDriver: chrome on windows (383ce9bc2ab1d7bd37cb669836c486a9)] -> xpath: //a[normalize-space()='buy + sell']]
2023-12-21 14:12:469 INFO  HomePage :54 - click on search cars [[ChromeDriver: chrome on windows (383ce9bc2ab1d7bd37cb669836c486a9)] -> xpath: //a[normalize-space()='Search Cars']]
2023-12-21 14:12:914 INFO  HomePage :64 - select make [[ChromeDriver: chrome on windows (383ce9bc2ab1d7bd37cb669836c486a9)] -> id: makes]
2023-12-21 14:12:286 INFO  HomePage :69 - Select model [[ChromeDriver: chrome on windows (383ce9bc2ab1d7bd37cb669836c486a9)] -> id: models]
2023-12-21 14:12:498 INFO  HomePage :84 - Find next car [[ChromeDriver: chrome on windows (383ce9bc2ab1d7bd37cb669836c486a9)] -> xpath: (//input[@id='search-submit'])[1]]
2023-12-21 15:12:42 INFO  HomePage :68 - mouse hover on Buy n Sell :[[ChromeDriver: chrome on windows (8d2b44cccfbc9d026f705f4a770a70fa)] -> xpath: //a[normalize-space()='buy + sell']]
2023-12-21 15:12:907 INFO  HomePage :68 - mouse hover on Buy n Sell :[[ChromeDriver: chrome on windows (5c7c25a8a0ab1128af2b9ba8eee106c0)] -> xpath: //a[normalize-space()='buy + sell']]
2023-12-21 15:12:812 INFO  HomePage :100 - navigateToNewAndUsedSearchCars :Proxy element for: DefaultElementLocator 'By.id: makes'
2023-12-21 15:12:521 INFO  HomePage :48 - Mouse hoover Buy +Sell[[ChromeDriver: chrome on windows (77579d853601815e936737aa074bb4d5)] -> xpath: //a[normalize-space()='buy + sell']]
2023-12-21 15:12:907 INFO  HomePage :55 - Search car [[ChromeDriver: chrome on windows (77579d853601815e936737aa074bb4d5)] -> xpath: //a[contains(text(),'Search Cars')]]
2023-12-21 15:12:157 INFO  HomePage :66 - select Make [[ChromeDriver: chrome on windows (77579d853601815e936737aa074bb4d5)] -> id: makes]
2023-12-21 15:12:409 INFO  HomePage :71 - select Model [[ChromeDriver: chrome on windows (77579d853601815e936737aa074bb4d5)] -> id: models]
2023-12-21 15:12:699 INFO  HomePage :83 - select Price[[ChromeDriver: chrome on windows (77579d853601815e936737aa074bb4d5)] -> xpath: /html[1]/body[1]/div[6]/div[1]/div[1]/div[1]/div[1]/div[1]/div[1]/div[1]/form[1]/div[6]/select[1]]
2023-12-21 15:12:724 INFO  HomePage :87 - Find my next car[[ChromeDriver: chrome on windows (77579d853601815e936737aa074bb4d5)] -> xpath: /html[1]/body[1]/div[6]/div[1]/div[1]/div[1]/div[1]/div[1]/div[1]/div[1]/form[1]/div[6]/select[1]]
2023-12-21 15:12:66 INFO  HomePage :48 - Mouse hoover Buy +Sell[[ChromeDriver: chrome on windows (893d33f91046e2f71ee251f942e6282a)] -> xpath: //a[normalize-space()='buy + sell']]
2023-12-21 15:12:690 INFO  HomePage :52 - Mouse hoover Buy +Sell[[ChromeDriver: chrome on windows (35ee2fd694dee0baa7268f9ff0d0751b)] -> xpath: //a[normalize-space()='buy + sell']]
2023-12-21 15:12:186 INFO  HomePage :59 - Search car [[ChromeDriver: chrome on windows (35ee2fd694dee0baa7268f9ff0d0751b)] -> xpath: //a[contains(text(),'Search Cars')]]
2023-12-21 15:12:789 INFO  HomePage :70 - select Make [[ChromeDriver: chrome on windows (35ee2fd694dee0baa7268f9ff0d0751b)] -> id: makes]
2023-12-21 15:12:06 INFO  HomePage :75 - select Model [[ChromeDriver: chrome on windows (35ee2fd694dee0baa7268f9ff0d0751b)] -> id: models]
2023-12-21 15:12:368 INFO  HomePage :87 - select Price[[ChromeDriver: chrome on windows (35ee2fd694dee0baa7268f9ff0d0751b)] -> xpath: /html[1]/body[1]/div[6]/div[1]/div[1]/div[1]/div[1]/div[1]/div[1]/div[1]/form[1]/div[6]/select[1]]
2023-12-21 15:12:399 INFO  HomePage :91 - Find my next car[[ChromeDriver: chrome on windows (35ee2fd694dee0baa7268f9ff0d0751b)] -> xpath: /html[1]/body[1]/div[6]/div[1]/div[1]/div[1]/div[1]/div[1]/div[1]/div[1]/form[1]/div[6]/select[1]]
2023-12-21 15:12:459 INFO  HomePage :52 - Mouse hoover Buy +Sell[[ChromeDriver: chrome on windows (b0e46b1ac8c3a45cf1950185b60fec86)] -> xpath: //a[normalize-space()='buy + sell']]
2023-12-21 15:12:141 INFO  HomePage :52 - Mouse hoover Buy +Sell[[ChromeDriver: chrome on windows (ae2ba2846574b8e10ec5c174d013f755)] -> xpath: //a[normalize-space()='buy + sell']]
2023-12-21 15:12:524 INFO  HomePage :52 - Mouse hoover Buy +Sell[[ChromeDriver: chrome on windows (bcf02d5916c9b89d2f5a5f66e283296f)] -> xpath: //a[normalize-space()='buy + sell']]
2023-12-21 15:12:726 INFO  HomePage :70 - select Make [[ChromeDriver: chrome on windows (bcf02d5916c9b89d2f5a5f66e283296f)] -> id: makes]
2023-12-21 15:12:928 INFO  HomePage :75 - select Model [[ChromeDriver: chrome on windows (bcf02d5916c9b89d2f5a5f66e283296f)] -> id: models]
2023-12-21 15:12:322 INFO  HomePage :87 - select Price[[ChromeDriver: chrome on windows (bcf02d5916c9b89d2f5a5f66e283296f)] -> xpath: /html[1]/body[1]/div[6]/div[1]/div[1]/div[1]/div[1]/div[1]/div[1]/div[1]/form[1]/div[6]/select[1]]
2023-12-21 15:12:349 INFO  HomePage :91 - Find my next car[[ChromeDriver: chrome on windows (bcf02d5916c9b89d2f5a5f66e283296f)] -> xpath: /html[1]/body[1]/div[6]/div[1]/div[1]/div[1]/div[1]/div[1]/div[1]/div[1]/form[1]/div[6]/select[1]]
2023-12-21 15:12:295 INFO  HomePage :97 - Verify the Make honda
2023-12-21 15:12:138 INFO  HomePage :52 - Mouse hoover Buy +Sell[[ChromeDriver: chrome on windows (6601ef343044d5fc81271cccb6552c9d)] -> xpath: //a[normalize-space()='buy + sell']]
2023-12-21 15:12:386 INFO  HomePage :59 - Search car [[ChromeDriver: chrome on windows (6601ef343044d5fc81271cccb6552c9d)] -> xpath: //a[contains(text(),'Search Cars')]]
2023-12-21 15:12:493 INFO  HomePage :70 - select Make [[ChromeDriver: chrome on windows (6601ef343044d5fc81271cccb6552c9d)] -> id: makes]
2023-12-21 15:12:953 INFO  HomePage :75 - select Model [[ChromeDriver: chrome on windows (6601ef343044d5fc81271cccb6552c9d)] -> id: models]
2023-12-21 15:12:382 INFO  HomePage :87 - select Price[[ChromeDriver: chrome on windows (6601ef343044d5fc81271cccb6552c9d)] -> xpath: /html[1]/body[1]/div[6]/div[1]/div[1]/div[1]/div[1]/div[1]/div[1]/div[1]/form[1]/div[6]/select[1]]
2023-12-21 15:12:426 INFO  HomePage :91 - Find my next car[[ChromeDriver: chrome on windows (6601ef343044d5fc81271cccb6552c9d)] -> xpath: /html[1]/body[1]/div[6]/div[1]/div[1]/div[1]/div[1]/div[1]/div[1]/div[1]/form[1]/div[6]/select[1]]
2023-12-21 15:12:114 INFO  HomePage :52 - Mouse hoover Buy +Sell[[ChromeDriver: chrome on windows (46748f82503160e3a23012bb970be354)] -> xpath: //a[normalize-space()='buy + sell']]
2023-12-21 15:12:323 INFO  HomePage :59 - Search car [[ChromeDriver: chrome on windows (46748f82503160e3a23012bb970be354)] -> xpath: //a[contains(text(),'Search Cars')]]
2023-12-21 15:12:697 INFO  HomePage :70 - select Make [[ChromeDriver: chrome on windows (46748f82503160e3a23012bb970be354)] -> id: makes]
2023-12-21 15:12:874 INFO  HomePage :75 - select Model [[ChromeDriver: chrome on windows (46748f82503160e3a23012bb970be354)] -> id: models]
2023-12-21 15:12:81 INFO  HomePage :52 - Mouse hoover Buy +Sell[[ChromeDriver: chrome on windows (fa4eb0a26d00a34f81152349096c9450)] -> xpath: //a[normalize-space()='buy + sell']]
2023-12-21 15:12:704 INFO  HomePage :70 - select Make [[ChromeDriver: chrome on windows (fa4eb0a26d00a34f81152349096c9450)] -> id: makes]
2023-12-21 15:12:884 INFO  HomePage :75 - select Model [[ChromeDriver: chrome on windows (fa4eb0a26d00a34f81152349096c9450)] -> id: models]
2023-12-21 15:12:474 INFO  HomePage :87 - select Price[[ChromeDriver: chrome on windows (fa4eb0a26d00a34f81152349096c9450)] -> xpath: /html[1]/body[1]/div[6]/div[1]/div[1]/div[1]/div[1]/div[1]/div[1]/div[1]/form[1]/div[6]/select[1]]
2023-12-21 15:12:512 INFO  HomePage :91 - Find my next car[[ChromeDriver: chrome on windows (fa4eb0a26d00a34f81152349096c9450)] -> xpath: /html[1]/body[1]/div[6]/div[1]/div[1]/div[1]/div[1]/div[1]/div[1]/div[1]/form[1]/div[6]/select[1]]
2023-12-21 15:12:18 INFO  HomePage :52 - Mouse hoover Buy +Sell[[ChromeDriver: chrome on windows (f8fba1f408709b6fbda23029d00b316d)] -> xpath: //a[normalize-space()='buy + sell']]
2023-12-21 15:12:284 INFO  HomePage :59 - Search car [[ChromeDriver: chrome on windows (f8fba1f408709b6fbda23029d00b316d)] -> xpath: //a[contains(text(),'Search Cars')]]
2023-12-21 15:12:410 INFO  HomePage :70 - select Make [[ChromeDriver: chrome on windows (f8fba1f408709b6fbda23029d00b316d)] -> id: makes]
2023-12-21 15:12:770 INFO  HomePage :75 - select Model [[ChromeDriver: chrome on windows (f8fba1f408709b6fbda23029d00b316d)] -> id: models]
2023-12-21 15:12:223 INFO  HomePage :87 - select Price[[ChromeDriver: chrome on windows (f8fba1f408709b6fbda23029d00b316d)] -> xpath: /html[1]/body[1]/div[6]/div[1]/div[1]/div[1]/div[1]/div[1]/div[1]/div[1]/form[1]/div[6]/select[1]]
2023-12-21 15:12:263 INFO  HomePage :91 - Find my next car[[ChromeDriver: chrome on windows (f8fba1f408709b6fbda23029d00b316d)] -> xpath: /html[1]/body[1]/div[6]/div[1]/div[1]/div[1]/div[1]/div[1]/div[1]/div[1]/form[1]/div[6]/select[1]]
2023-12-21 15:12:868 INFO  HomePage :52 - Mouse hoover Buy +Sell[[ChromeDriver: chrome on windows (bf098bad04cca66e4baa36656b28a35c)] -> xpath: //a[normalize-space()='buy + sell']]
2023-12-21 15:12:422 INFO  HomePage :59 - Search car [[ChromeDriver: chrome on windows (bf098bad04cca66e4baa36656b28a35c)] -> xpath: //a[contains(text(),'Search Cars')]]
2023-12-21 15:12:415 INFO  HomePage :70 - select Make [[ChromeDriver: chrome on windows (bf098bad04cca66e4baa36656b28a35c)] -> id: makes]
2023-12-21 15:12:748 INFO  HomePage :75 - select Model [[ChromeDriver: chrome on windows (bf098bad04cca66e4baa36656b28a35c)] -> id: models]
2023-12-21 15:12:500 INFO  HomePage :52 - Mouse hoover Buy +Sell[[ChromeDriver: chrome on windows (a67db8aba9f5130658ca76406801464a)] -> xpath: //a[normalize-space()='buy + sell']]
2023-12-21 15:12:684 INFO  HomePage :70 - select Make [[ChromeDriver: chrome on windows (a67db8aba9f5130658ca76406801464a)] -> id: makes]
2023-12-21 15:12:936 INFO  HomePage :75 - select Model [[ChromeDriver: chrome on windows (a67db8aba9f5130658ca76406801464a)] -> id: models]
2023-12-21 15:12:424 INFO  HomePage :87 - select Price[[ChromeDriver: chrome on windows (a67db8aba9f5130658ca76406801464a)] -> xpath: /html[1]/body[1]/div[6]/div[1]/div[1]/div[1]/div[1]/div[1]/div[1]/div[1]/form[1]/div[6]/select[1]]
2023-12-21 15:12:454 INFO  HomePage :91 - Find my next car[[ChromeDriver: chrome on windows (a67db8aba9f5130658ca76406801464a)] -> xpath: /html[1]/body[1]/div[6]/div[1]/div[1]/div[1]/div[1]/div[1]/div[1]/div[1]/form[1]/div[6]/select[1]]
2023-12-21 16:12:814 INFO  HomePage :52 - Mouse hoover Buy +Sell[[ChromeDriver: chrome on windows (e0b19f15eb1814179a600952810bb034)] -> xpath: //a[normalize-space()='buy + sell']]
2023-12-21 16:12:361 INFO  HomePage :59 - Search car [[ChromeDriver: chrome on windows (e0b19f15eb1814179a600952810bb034)] -> xpath: //a[contains(text(),'Search Cars')]]
2023-12-21 16:12:901 INFO  HomePage :65 - New And Used Car[[ChromeDriver: chrome on windows (e0b19f15eb1814179a600952810bb034)] -> css selector: body.html.not-front.not-logged-in.no-sidebars.page-buy-a-car.page-buy-a-car-new-and-used-car-search.cars-for-sale.submenu-active:nth-child(2) div.content-detail.clearfix:nth-child(15) div.region.region-content:nth-child(1) div.block.block-system:nth-child(1) div.content div.cars-for-sale-form-wrapper.buy-a-car-form-wrapper div.panel.panel-car-for-sale-form div.panel-body.container form.form-inline div.search-type:nth-child(2) > label.search-type-all.active]
2023-12-21 16:12:14 INFO  HomePage :70 - select Make [[ChromeDriver: chrome on windows (e0b19f15eb1814179a600952810bb034)] -> id: makes]
2023-12-21 16:12:279 INFO  HomePage :75 - select Model [[ChromeDriver: chrome on windows (e0b19f15eb1814179a600952810bb034)] -> id: models]
2023-12-21 16:12:698 INFO  HomePage :87 - select Price[[ChromeDriver: chrome on windows (e0b19f15eb1814179a600952810bb034)] -> xpath: /html[1]/body[1]/div[6]/div[1]/div[1]/div[1]/div[1]/div[1]/div[1]/div[1]/form[1]/div[6]/select[1]]
2023-12-21 16:12:727 INFO  HomePage :91 - Find my next car[[ChromeDriver: chrome on windows (e0b19f15eb1814179a600952810bb034)] -> xpath: /html[1]/body[1]/div[6]/div[1]/div[1]/div[1]/div[1]/div[1]/div[1]/div[1]/form[1]/div[6]/select[1]]
2023-12-21 16:12:464 INFO  HomePage :52 - Mouse hoover Buy +Sell[[ChromeDriver: chrome on windows (f7d2971169f132e1fc6ee20e8e3df693)] -> xpath: //a[normalize-space()='buy + sell']]
2023-12-21 16:12:940 INFO  HomePage :59 - Search car [[ChromeDriver: chrome on windows (f7d2971169f132e1fc6ee20e8e3df693)] -> xpath: //a[contains(text(),'Search Cars')]]
2023-12-21 16:12:740 INFO  HomePage :65 - New And Used Car[[ChromeDriver: chrome on windows (f7d2971169f132e1fc6ee20e8e3df693)] -> css selector: body.html.not-front.not-logged-in.no-sidebars.page-buy-a-car.page-buy-a-car-new-and-used-car-search.cars-for-sale.submenu-active:nth-child(2) div.content-detail.clearfix:nth-child(15) div.region.region-content:nth-child(1) div.block.block-system:nth-child(1) div.content div.cars-for-sale-form-wrapper.buy-a-car-form-wrapper div.panel.panel-car-for-sale-form div.panel-body.container form.form-inline div.search-type:nth-child(2) > label.search-type-all.active]
2023-12-21 16:12:920 INFO  HomePage :70 - select Make [[ChromeDriver: chrome on windows (f7d2971169f132e1fc6ee20e8e3df693)] -> id: makes]
2023-12-21 16:12:166 INFO  HomePage :75 - select Model [[ChromeDriver: chrome on windows (f7d2971169f132e1fc6ee20e8e3df693)] -> id: models]
2023-12-21 16:12:690 INFO  HomePage :87 - select Price[[ChromeDriver: chrome on windows (f7d2971169f132e1fc6ee20e8e3df693)] -> xpath: /html[1]/body[1]/div[6]/div[1]/div[1]/div[1]/div[1]/div[1]/div[1]/div[1]/form[1]/div[6]/select[1]]
2023-12-21 16:12:733 INFO  HomePage :91 - Find my next car[[ChromeDriver: chrome on windows (f7d2971169f132e1fc6ee20e8e3df693)] -> xpath: /html[1]/body[1]/div[6]/div[1]/div[1]/div[1]/div[1]/div[1]/div[1]/div[1]/form[1]/div[6]/select[1]]
2023-12-21 16:12:930 INFO  HomePage :52 - Mouse hoover Buy +Sell[[ChromeDriver: chrome on windows (6052255e4733f55aa1fc22471b7cd4cc)] -> xpath: //a[normalize-space()='buy + sell']]
2023-12-21 16:12:397 INFO  HomePage :59 - Search car [[ChromeDriver: chrome on windows (6052255e4733f55aa1fc22471b7cd4cc)] -> xpath: //a[contains(text(),'Search Cars')]]
2023-12-21 16:12:798 INFO  HomePage :65 - New And Used Car[[ChromeDriver: chrome on windows (6052255e4733f55aa1fc22471b7cd4cc)] -> css selector: body.html.not-front.not-logged-in.no-sidebars.page-buy-a-car.page-buy-a-car-new-and-used-car-search.cars-for-sale.submenu-active:nth-child(2) div.content-detail.clearfix:nth-child(15) div.region.region-content:nth-child(1) div.block.block-system:nth-child(1) div.content div.cars-for-sale-form-wrapper.buy-a-car-form-wrapper div.panel.panel-car-for-sale-form div.panel-body.container form.form-inline div.search-type:nth-child(2) > label.search-type-all.active]
2023-12-21 16:12:939 INFO  HomePage :70 - select Make [[ChromeDriver: chrome on windows (6052255e4733f55aa1fc22471b7cd4cc)] -> id: makes]
2023-12-21 16:12:195 INFO  HomePage :75 - select Model [[ChromeDriver: chrome on windows (6052255e4733f55aa1fc22471b7cd4cc)] -> id: models]
2023-12-21 16:12:626 INFO  HomePage :87 - select Price[[ChromeDriver: chrome on windows (6052255e4733f55aa1fc22471b7cd4cc)] -> xpath: /html[1]/body[1]/div[6]/div[1]/div[1]/div[1]/div[1]/div[1]/div[1]/div[1]/form[1]/div[6]/select[1]]
2023-12-21 16:12:655 INFO  HomePage :91 - Find my next car[[ChromeDriver: chrome on windows (6052255e4733f55aa1fc22471b7cd4cc)] -> xpath: /html[1]/body[1]/div[6]/div[1]/div[1]/div[1]/div[1]/div[1]/div[1]/div[1]/form[1]/div[6]/select[1]]
2023-12-21 16:12:959 INFO  HomePage :52 - Mouse hoover Buy +Sell[[ChromeDriver: chrome on windows (a3f41269dd7bc6ad230f707233b9ab10)] -> xpath: //a[normalize-space()='buy + sell']]
2023-12-21 16:12:249 INFO  HomePage :59 - Search car [[ChromeDriver: chrome on windows (a3f41269dd7bc6ad230f707233b9ab10)] -> xpath: //a[contains(text(),'Search Cars')]]
2023-12-21 16:12:714 INFO  HomePage :65 - New And Used Car[[ChromeDriver: chrome on windows (a3f41269dd7bc6ad230f707233b9ab10)] -> css selector: body.html.not-front.not-logged-in.no-sidebars.page-buy-a-car.page-buy-a-car-new-and-used-car-search.cars-for-sale.submenu-active:nth-child(2) div.content-detail.clearfix:nth-child(15) div.region.region-content:nth-child(1) div.block.block-system:nth-child(1) div.content div.cars-for-sale-form-wrapper.buy-a-car-form-wrapper div.panel.panel-car-for-sale-form div.panel-body.container form.form-inline div.search-type:nth-child(2) > label.search-type-all.active]
2023-12-21 16:12:844 INFO  HomePage :70 - select Make [[ChromeDriver: chrome on windows (a3f41269dd7bc6ad230f707233b9ab10)] -> id: makes]
2023-12-21 16:12:137 INFO  HomePage :75 - select Model [[ChromeDriver: chrome on windows (a3f41269dd7bc6ad230f707233b9ab10)] -> id: models]
2023-12-21 16:12:623 INFO  HomePage :87 - select Price[[ChromeDriver: chrome on windows (a3f41269dd7bc6ad230f707233b9ab10)] -> xpath: /html[1]/body[1]/div[6]/div[1]/div[1]/div[1]/div[1]/div[1]/div[1]/div[1]/form[1]/div[6]/select[1]]
2023-12-21 16:12:667 INFO  HomePage :91 - Find my next car[[ChromeDriver: chrome on windows (a3f41269dd7bc6ad230f707233b9ab10)] -> xpath: /html[1]/body[1]/div[6]/div[1]/div[1]/div[1]/div[1]/div[1]/div[1]/div[1]/form[1]/div[6]/select[1]]
2023-12-21 16:12:135 INFO  HomePage :52 - Mouse hoover Buy +Sell[[ChromeDriver: chrome on windows (4447d48f43f39a151ff057da6451d406)] -> xpath: //a[normalize-space()='buy + sell']]
2023-12-21 16:12:111 INFO  HomePage :70 - select Make [[ChromeDriver: chrome on windows (4447d48f43f39a151ff057da6451d406)] -> id: makes]
2023-12-21 16:12:402 INFO  HomePage :75 - select Model [[ChromeDriver: chrome on windows (4447d48f43f39a151ff057da6451d406)] -> id: models]
2023-12-21 16:12:833 INFO  HomePage :87 - select Price[[ChromeDriver: chrome on windows (4447d48f43f39a151ff057da6451d406)] -> xpath: /html[1]/body[1]/div[6]/div[1]/div[1]/div[1]/div[1]/div[1]/div[1]/div[1]/form[1]/div[6]/select[1]]
2023-12-21 16:12:875 INFO  HomePage :91 - Find my next car[[ChromeDriver: chrome on windows (4447d48f43f39a151ff057da6451d406)] -> xpath: /html[1]/body[1]/div[6]/div[1]/div[1]/div[1]/div[1]/div[1]/div[1]/div[1]/form[1]/div[6]/select[1]]
2023-12-21 16:12:191 INFO  HomePage :52 - Mouse hoover Buy +Sell[[ChromeDriver: chrome on windows (c922c7c66277d105e15ac6780b382297)] -> xpath: //a[normalize-space()='buy + sell']]
2023-12-21 16:12:429 INFO  HomePage :70 - select Make [[ChromeDriver: chrome on windows (c922c7c66277d105e15ac6780b382297)] -> id: makes]
2023-12-21 16:12:699 INFO  HomePage :75 - select Model [[ChromeDriver: chrome on windows (c922c7c66277d105e15ac6780b382297)] -> id: models]
2023-12-21 16:12:154 INFO  HomePage :87 - select Price[[ChromeDriver: chrome on windows (c922c7c66277d105e15ac6780b382297)] -> xpath: /html[1]/body[1]/div[6]/div[1]/div[1]/div[1]/div[1]/div[1]/div[1]/div[1]/form[1]/div[6]/select[1]]
2023-12-21 16:12:185 INFO  HomePage :91 - Find my next car[[ChromeDriver: chrome on windows (c922c7c66277d105e15ac6780b382297)] -> xpath: /html[1]/body[1]/div[6]/div[1]/div[1]/div[1]/div[1]/div[1]/div[1]/div[1]/form[1]/div[6]/select[1]]
2023-12-21 16:12:878 INFO  HomePage :52 - Mouse hoover Buy +Sell[[ChromeDriver: chrome on windows (164232c46ee33e2ba7253dd3dd6a1eb5)] -> xpath: //a[normalize-space()='buy + sell']]
2023-12-21 16:12:147 INFO  HomePage :59 - Search car [[ChromeDriver: chrome on windows (164232c46ee33e2ba7253dd3dd6a1eb5)] -> xpath: //a[contains(text(),'Search Cars')]]
2023-12-21 16:12:890 INFO  HomePage :65 - New And Used Car[[ChromeDriver: chrome on windows (164232c46ee33e2ba7253dd3dd6a1eb5)] -> css selector: body.html.not-front.not-logged-in.no-sidebars.page-buy-a-car.page-buy-a-car-new-and-used-car-search.cars-for-sale.submenu-active:nth-child(2) div.content-detail.clearfix:nth-child(15) div.region.region-content:nth-child(1) div.block.block-system:nth-child(1) div.content div.cars-for-sale-form-wrapper.buy-a-car-form-wrapper div.panel.panel-car-for-sale-form div.panel-body.container form.form-inline div.search-type:nth-child(2) > label.search-type-all.active]
2023-12-21 16:12:108 INFO  HomePage :70 - select Make [[ChromeDriver: chrome on windows (164232c46ee33e2ba7253dd3dd6a1eb5)] -> id: makes]
2023-12-21 16:12:446 INFO  HomePage :75 - select Model [[ChromeDriver: chrome on windows (164232c46ee33e2ba7253dd3dd6a1eb5)] -> id: models]
2023-12-21 16:12:955 INFO  HomePage :87 - select Price[[ChromeDriver: chrome on windows (164232c46ee33e2ba7253dd3dd6a1eb5)] -> xpath: /html[1]/body[1]/div[6]/div[1]/div[1]/div[1]/div[1]/div[1]/div[1]/div[1]/form[1]/div[6]/select[1]]
2023-12-21 16:12:19 INFO  HomePage :91 - Find my next car[[ChromeDriver: chrome on windows (164232c46ee33e2ba7253dd3dd6a1eb5)] -> xpath: /html[1]/body[1]/div[6]/div[1]/div[1]/div[1]/div[1]/div[1]/div[1]/div[1]/form[1]/div[6]/select[1]]
2023-12-21 16:12:587 INFO  HomePage :52 - Mouse hoover Buy +Sell[[ChromeDriver: chrome on windows (6adb2e5ec9f4a91a5fb2789caa8ee930)] -> xpath: //a[normalize-space()='buy + sell']]
2023-12-21 16:12:258 INFO  HomePage :59 - Search car [[ChromeDriver: chrome on windows (6adb2e5ec9f4a91a5fb2789caa8ee930)] -> xpath: //a[contains(text(),'Search Cars')]]
2023-12-21 16:12:998 INFO  HomePage :65 - New And Used Car[[ChromeDriver: chrome on windows (6adb2e5ec9f4a91a5fb2789caa8ee930)] -> css selector: body.html.not-front.not-logged-in.no-sidebars.page-buy-a-car.page-buy-a-car-new-and-used-car-search.cars-for-sale.submenu-active:nth-child(2) div.content-detail.clearfix:nth-child(15) div.region.region-content:nth-child(1) div.block.block-system:nth-child(1) div.content div.cars-for-sale-form-wrapper.buy-a-car-form-wrapper div.panel.panel-car-for-sale-form div.panel-body.container form.form-inline div.search-type:nth-child(2) > label.search-type-all.active]
2023-12-21 16:12:172 INFO  HomePage :70 - select Make [[ChromeDriver: chrome on windows (6adb2e5ec9f4a91a5fb2789caa8ee930)] -> id: makes]
2023-12-21 16:12:425 INFO  HomePage :75 - select Model [[ChromeDriver: chrome on windows (6adb2e5ec9f4a91a5fb2789caa8ee930)] -> id: models]
2023-12-21 16:12:918 INFO  HomePage :87 - select Price[[ChromeDriver: chrome on windows (6adb2e5ec9f4a91a5fb2789caa8ee930)] -> xpath: /html[1]/body[1]/div[6]/div[1]/div[1]/div[1]/div[1]/div[1]/div[1]/div[1]/form[1]/div[6]/select[1]]
2023-12-21 16:12:968 INFO  HomePage :91 - Find my next car[[ChromeDriver: chrome on windows (6adb2e5ec9f4a91a5fb2789caa8ee930)] -> xpath: /html[1]/body[1]/div[6]/div[1]/div[1]/div[1]/div[1]/div[1]/div[1]/div[1]/form[1]/div[6]/select[1]]
2023-12-21 16:12:276 INFO  HomePage :52 - Mouse hoover Buy +Sell[[ChromeDriver: chrome on windows (985e3b822959cc3f5a1f9c70b4e5a82b)] -> xpath: //a[normalize-space()='buy + sell']]
2023-12-21 16:12:219 INFO  HomePage :70 - select Make [[ChromeDriver: chrome on windows (985e3b822959cc3f5a1f9c70b4e5a82b)] -> id: makes]
2023-12-21 16:12:941 INFO  HomePage :75 - select Model [[ChromeDriver: chrome on windows (985e3b822959cc3f5a1f9c70b4e5a82b)] -> id: models]
2023-12-21 16:12:434 INFO  HomePage :87 - select Price[[ChromeDriver: chrome on windows (985e3b822959cc3f5a1f9c70b4e5a82b)] -> xpath: /html[1]/body[1]/div[6]/div[1]/div[1]/div[1]/div[1]/div[1]/div[1]/div[1]/form[1]/div[6]/select[1]]
2023-12-21 16:12:475 INFO  HomePage :91 - Find my next car[[ChromeDriver: chrome on windows (985e3b822959cc3f5a1f9c70b4e5a82b)] -> xpath: /html[1]/body[1]/div[6]/div[1]/div[1]/div[1]/div[1]/div[1]/div[1]/div[1]/form[1]/div[6]/select[1]]
2023-12-21 16:12:601 INFO  HomePage :52 - Mouse hoover Buy +Sell[[ChromeDriver: chrome on windows (81e2dbb18a926206b3903831ad2f87bd)] -> xpath: //a[normalize-space()='buy + sell']]
2023-12-21 16:12:857 INFO  HomePage :70 - select Make [[ChromeDriver: chrome on windows (81e2dbb18a926206b3903831ad2f87bd)] -> id: makes]
2023-12-21 16:12:379 INFO  HomePage :75 - select Model [[ChromeDriver: chrome on windows (81e2dbb18a926206b3903831ad2f87bd)] -> id: models]
2023-12-21 16:12:158 INFO  HomePage :87 - select Price[[ChromeDriver: chrome on windows (81e2dbb18a926206b3903831ad2f87bd)] -> xpath: /html[1]/body[1]/div[6]/div[1]/div[1]/div[1]/div[1]/div[1]/div[1]/div[1]/form[1]/div[6]/select[1]]
2023-12-21 16:12:212 INFO  HomePage :91 - Find my next car[[ChromeDriver: chrome on windows (81e2dbb18a926206b3903831ad2f87bd)] -> xpath: /html[1]/body[1]/div[6]/div[1]/div[1]/div[1]/div[1]/div[1]/div[1]/div[1]/form[1]/div[6]/select[1]]
2023-12-21 16:12:780 INFO  HomePage :52 - Mouse hoover Buy +Sell[[ChromeDriver: chrome on windows (d1acb15ff0f5e3f30a1da31e78464b92)] -> xpath: //a[normalize-space()='buy + sell']]
2023-12-21 16:12:29 INFO  HomePage :52 - Mouse hoover Buy +Sell[[ChromeDriver: chrome on windows (d702c6da8d1f23c519cbb27cfd448503)] -> xpath: //a[normalize-space()='buy + sell']]
2023-12-21 17:12:353 INFO  HomePage :52 - Mouse hoover Buy +Sell[[ChromeDriver: chrome on windows (c8a160d6568a3a68382aaf1e4cc36a8b)] -> xpath: //a[normalize-space()='buy + sell']]
2023-12-21 17:12:251 INFO  HomePage :52 - Mouse hoover Buy +Sell[[ChromeDriver: chrome on windows (6f3afef286bba791b8c0af6c4889e684)] -> xpath: //a[normalize-space()='buy + sell']]
2023-12-21 17:12:954 INFO  HomePage :52 - Mouse hoover Buy +Sell[[ChromeDriver: chrome on windows (06d86784fd1cd9da92cedf89e62190b7)] -> xpath: //a[normalize-space()='buy + sell']]
2023-12-21 17:12:680 INFO  HomePage :52 - Mouse hoover Buy +Sell[[ChromeDriver: chrome on windows (4b4f434aca4f5c07488ef0e757df8152)] -> xpath: //a[normalize-space()='buy + sell']]
2023-12-21 17:12:804 INFO  HomePage :52 - Mouse hoover Buy +Sell[[ChromeDriver: chrome on windows (3010bfdfbe703a7af40ad05fa088a0ed)] -> xpath: //a[normalize-space()='buy + sell']]
2023-12-21 17:12:174 INFO  HomePage :52 - Mouse hoover Buy +Sell[[ChromeDriver: chrome on windows (9569e25208fea748c8d8b4123cd5cf7c)] -> xpath: //a[normalize-space()='buy + sell']]
2023-12-21 17:12:815 INFO  HomePage :52 - Mouse hoover Buy +Sell[[ChromeDriver: chrome on windows (831ffd74f754a948bbd85accdfd4c746)] -> xpath: //a[normalize-space()='buy + sell']]
